This file contains any messages produced by compilers while
running configure, to aid debugging if configure makes a mistake.

It was created by ChkTeX configure 1.7.6, which was
generated by GNU Autoconf 2.69.  Invocation command line was

  $ ./configure 

## --------- ##
## Platform. ##
## --------- ##

hostname = oli-pc
uname -m = x86_64
uname -r = 4.15.0-29-generic
uname -s = Linux
uname -v = #31-Ubuntu SMP Tue Jul 17 15:39:52 UTC 2018

/usr/bin/uname -p = unknown
/bin/uname -X     = unknown

/bin/arch              = unknown
/usr/bin/arch -k       = unknown
/usr/convex/getsysinfo = unknown
/usr/bin/hostinfo      = unknown
/bin/machine           = unknown
/usr/bin/oslevel       = unknown
/bin/universe          = unknown

PATH: /home/oliver/.local/bin
PATH: /usr/local/sbin
PATH: /usr/local/bin
PATH: /usr/sbin
PATH: /usr/bin
PATH: /sbin
PATH: /bin
PATH: /usr/games
PATH: /usr/local/games


## ----------- ##
## Core tests. ##
## ----------- ##

configure:2315: checking whether lacheck replacement should be installed
configure:2322: result: no
configure:2326: checking whether runtime debug info should be used
configure:2329: result: yes
configure:2339: checking whether coverage testing is enabled
configure:2347: result: no
configure:2400: checking for gcc
configure:2416: found /usr/bin/gcc
configure:2427: result: gcc
configure:2656: checking for C compiler version
configure:2665: gcc --version >&5
gcc (Ubuntu 7.3.0-16ubuntu3) 7.3.0
Copyright (C) 2017 Free Software Foundation, Inc.
This is free software; see the source for copying conditions.  There is NO
warranty; not even for MERCHANTABILITY or FITNESS FOR A PARTICULAR PURPOSE.

configure:2676: $? = 0
configure:2665: gcc -v >&5
Using built-in specs.
COLLECT_GCC=gcc
COLLECT_LTO_WRAPPER=/usr/lib/gcc/x86_64-linux-gnu/7/lto-wrapper
OFFLOAD_TARGET_NAMES=nvptx-none
OFFLOAD_TARGET_DEFAULT=1
Target: x86_64-linux-gnu
Configured with: ../src/configure -v --with-pkgversion='Ubuntu 7.3.0-16ubuntu3' --with-bugurl=file:///usr/share/doc/gcc-7/README.Bugs --enable-languages=c,ada,c++,go,brig,d,fortran,objc,obj-c++ --prefix=/usr --with-gcc-major-version-only --with-as=/usr/bin/x86_64-linux-gnu-as --with-ld=/usr/bin/x86_64-linux-gnu-ld --program-suffix=-7 --program-prefix=x86_64-linux-gnu- --enable-shared --enable-linker-build-id --libexecdir=/usr/lib --without-included-gettext --enable-threads=posix --libdir=/usr/lib --enable-nls --with-sysroot=/ --enable-clocale=gnu --enable-libstdcxx-debug --enable-libstdcxx-time=yes --with-default-libstdcxx-abi=new --enable-gnu-unique-object --disable-vtable-verify --enable-libmpx --enable-plugin --enable-default-pie --with-system-zlib --with-target-system-zlib --enable-objc-gc=auto --enable-multiarch --disable-werror --with-arch-32=i686 --with-abi=m64 --with-multilib-list=m32,m64,mx32 --enable-multilib --with-tune=generic --enable-offload-targets=nvptx-none --without-cuda-driver --enable-checking=release --build=x86_64-linux-gnu --host=x86_64-linux-gnu --target=x86_64-linux-gnu
Thread model: posix
gcc version 7.3.0 (Ubuntu 7.3.0-16ubuntu3) 
configure:2676: $? = 0
configure:2665: gcc -V >&5
gcc: error: unrecognized command line option '-V'
gcc: fatal error: no input files
compilation terminated.
configure:2676: $? = 1
configure:2665: gcc -qversion >&5
gcc: error: unrecognized command line option '-qversion'; did you mean '--version'?
gcc: fatal error: no input files
compilation terminated.
configure:2676: $? = 1
configure:2696: checking whether the C compiler works
configure:2718: gcc    conftest.c  >&5
configure:2722: $? = 0
configure:2770: result: yes
configure:2773: checking for C compiler default output file name
configure:2775: result: a.out
configure:2781: checking for suffix of executables
configure:2788: gcc -o conftest    conftest.c  >&5
configure:2792: $? = 0
configure:2814: result: 
configure:2836: checking whether we are cross compiling
configure:2844: gcc -o conftest    conftest.c  >&5
configure:2848: $? = 0
configure:2855: ./conftest
configure:2859: $? = 0
configure:2874: result: no
configure:2879: checking for suffix of object files
configure:2901: gcc -c   conftest.c >&5
configure:2905: $? = 0
configure:2926: result: o
configure:2930: checking whether we are using the GNU C compiler
configure:2949: gcc -c   conftest.c >&5
configure:2949: $? = 0
configure:2958: result: yes
configure:2967: checking whether gcc accepts -g
configure:2987: gcc -c -g  conftest.c >&5
configure:2987: $? = 0
configure:3028: result: yes
configure:3045: checking for gcc option to accept ISO C89
configure:3108: gcc  -c -g -O2  conftest.c >&5
configure:3108: $? = 0
configure:3121: result: none needed
configure:3142: checking CFLAGS for strict prototypes
configure:3169: gcc -c -g -O2 -pedantic  -fstrict-prototypes -Wstrict-prototypes  conftest.c >&5
gcc: error: unrecognized command line option '-fstrict-prototypes'; did you mean '-Wstrict-prototypes'?
configure:3169: $? = 1
configure: failed program was:
| /* confdefs.h */
| #define PACKAGE_NAME "ChkTeX"
| #define PACKAGE_TARNAME "chktex"
| #define PACKAGE_VERSION "1.7.6"
| #define PACKAGE_STRING "ChkTeX 1.7.6"
| #define PACKAGE_BUGREPORT ""
| #define PACKAGE_URL ""
| /* end confdefs.h.  */
| 
| int
| main ()
| {
| return 0;
|   ;
|   return 0;
| }
configure:3169: gcc -c -g -O2 -pedantic  -Wstrict-prototypes  conftest.c >&5
conftest.c:11:1: warning: function declaration isn't a prototype [-Wstrict-prototypes]
 main ()
 ^~~~
configure:3169: $? = 0
configure:3191: gcc -c -g -O2 -pedantic  -Wstrict-prototypes  conftest.c >&5
conftest.c:11:1: warning: function declaration isn't a prototype [-Wstrict-prototypes]
 main ()
 ^~~~
configure:3191: $? = 0
configure:3211: result: -Wstrict-prototypes
configure:3224: : CFLAGS="$CFLAGS $ac_cv_cflags_strict_prototypes"
configure:3227: $? = 0
configure:3241: checking for C compiler warning flags
configure:3333: result: -Wall
configure:3380: checking for a BSD-compatible install
configure:3448: result: /usr/bin/install -c
configure:3459: checking whether ln -s works
configure:3463: result: yes
configure:3470: checking for a thread-safe mkdir -p
configure:3509: result: /bin/mkdir -p
configure:3516: checking for perl5
configure:3550: result: no
configure:3516: checking for perl
configure:3535: found /usr/bin/perl
configure:3547: result: /usr/bin/perl
configure:3560: checking whether perl is v5 or higher
configure:3567: result: yes
configure:3584: checking for groff
configure:3600: found /usr/bin/groff
configure:3611: result: groff -man -P-bu -Tlatin1
configure:3626: checking for latex
configure:3644: found /usr/bin/latex
configure:3657: result: /usr/bin/latex
configure:3668: checking for dvips
configure:3686: found /usr/bin/dvips
configure:3698: result: /usr/bin/dvips
configure:3709: checking for lynx
configure:3742: result: no
configure:3749: checking for latex2html
configure:3782: result: no
configure:3788: checking for tgetent in -ltermlib
configure:3813: gcc -o conftest -g -O2 -Wstrict-prototypes -Wall   conftest.c -ltermlib   >&5
conftest.c:16:1: warning: function declaration isn't a prototype [-Wstrict-prototypes]
 char tgetent ();
 ^~~~
conftest.c:18:1: warning: function declaration isn't a prototype [-Wstrict-prototypes]
 main ()
 ^~~~
/usr/bin/x86_64-linux-gnu-ld: cannot find -ltermlib
collect2: error: ld returned 1 exit status
configure:3813: $? = 1
configure: failed program was:
| /* confdefs.h */
| #define PACKAGE_NAME "ChkTeX"
| #define PACKAGE_TARNAME "chktex"
| #define PACKAGE_VERSION "1.7.6"
| #define PACKAGE_STRING "ChkTeX 1.7.6"
| #define PACKAGE_BUGREPORT ""
| #define PACKAGE_URL ""
| /* end confdefs.h.  */
| 
| /* Override any GCC internal prototype to avoid an error.
|    Use char because int might match the return type of a GCC
|    builtin and then its argument prototype would still apply.  */
| #ifdef __cplusplus
| extern "C"
| #endif
| char tgetent ();
| int
| main ()
| {
| return tgetent ();
|   ;
|   return 0;
| }
configure:3822: result: no
configure:3833: checking for tgetent in -ltermcap
configure:3858: gcc -o conftest -g -O2 -Wstrict-prototypes -Wall   conftest.c -ltermcap   >&5
conftest.c:16:1: warning: function declaration isn't a prototype [-Wstrict-prototypes]
 char tgetent ();
 ^~~~
conftest.c:18:1: warning: function declaration isn't a prototype [-Wstrict-prototypes]
 main ()
 ^~~~
configure:3858: $? = 0
configure:3867: result: yes
configure:3884: checking how to run the C preprocessor
configure:3915: gcc -E  conftest.c
configure:3915: $? = 0
configure:3929: gcc -E  conftest.c
conftest.c:10:10: fatal error: ac_nonexistent.h: No such file or directory
 #include <ac_nonexistent.h>
          ^~~~~~~~~~~~~~~~~~
compilation terminated.
configure:3929: $? = 1
configure: failed program was:
| /* confdefs.h */
| #define PACKAGE_NAME "ChkTeX"
| #define PACKAGE_TARNAME "chktex"
| #define PACKAGE_VERSION "1.7.6"
| #define PACKAGE_STRING "ChkTeX 1.7.6"
| #define PACKAGE_BUGREPORT ""
| #define PACKAGE_URL ""
| #define HAVE_LIBTERMCAP 1
| /* end confdefs.h.  */
| #include <ac_nonexistent.h>
configure:3954: result: gcc -E
configure:3974: gcc -E  conftest.c
configure:3974: $? = 0
configure:3988: gcc -E  conftest.c
conftest.c:10:10: fatal error: ac_nonexistent.h: No such file or directory
 #include <ac_nonexistent.h>
          ^~~~~~~~~~~~~~~~~~
compilation terminated.
configure:3988: $? = 1
configure: failed program was:
| /* confdefs.h */
| #define PACKAGE_NAME "ChkTeX"
| #define PACKAGE_TARNAME "chktex"
| #define PACKAGE_VERSION "1.7.6"
| #define PACKAGE_STRING "ChkTeX 1.7.6"
| #define PACKAGE_BUGREPORT ""
| #define PACKAGE_URL ""
| #define HAVE_LIBTERMCAP 1
| /* end confdefs.h.  */
| #include <ac_nonexistent.h>
configure:4017: checking for grep that handles long lines and -e
configure:4075: result: /bin/grep
configure:4080: checking for egrep
configure:4142: result: /bin/grep -E
configure:4147: checking for ANSI C header files
configure:4167: gcc -c -g -O2 -Wstrict-prototypes -Wall  conftest.c >&5
conftest.c:16:1: warning: function declaration isn't a prototype [-Wstrict-prototypes]
 main ()
 ^~~~
configure:4167: $? = 0
configure:4240: gcc -o conftest -g -O2 -Wstrict-prototypes -Wall   conftest.c -ltermcap  >&5
conftest.c:22:1: warning: function declaration isn't a prototype [-Wstrict-prototypes]
 main ()
 ^~~~
configure:4240: $? = 0
configure:4240: ./conftest
configure:4240: $? = 0
configure:4251: result: yes
configure:4262: checking for dirent.h that defines DIR
configure:4281: gcc -c -g -O2 -Wstrict-prototypes -Wall  conftest.c >&5
conftest.c:15:1: warning: function declaration isn't a prototype [-Wstrict-prototypes]
 main ()
 ^~~~
configure:4281: $? = 0
configure:4289: result: yes
configure:4302: checking for library containing opendir
configure:4333: gcc -o conftest -g -O2 -Wstrict-prototypes -Wall   conftest.c -ltermcap  >&5
conftest.c:19:1: warning: function declaration isn't a prototype [-Wstrict-prototypes]
 char opendir ();
 ^~~~
conftest.c:21:1: warning: function declaration isn't a prototype [-Wstrict-prototypes]
 main ()
 ^~~~
configure:4333: $? = 0
configure:4350: result: none required
configure:4422: checking for sys/types.h
configure:4422: gcc -c -g -O2 -Wstrict-prototypes -Wall  conftest.c >&5
configure:4422: $? = 0
configure:4422: result: yes
configure:4422: checking for sys/stat.h
configure:4422: gcc -c -g -O2 -Wstrict-prototypes -Wall  conftest.c >&5
configure:4422: $? = 0
configure:4422: result: yes
configure:4422: checking for stdlib.h
configure:4422: gcc -c -g -O2 -Wstrict-prototypes -Wall  conftest.c >&5
configure:4422: $? = 0
configure:4422: result: yes
configure:4422: checking for string.h
configure:4422: gcc -c -g -O2 -Wstrict-prototypes -Wall  conftest.c >&5
configure:4422: $? = 0
configure:4422: result: yes
configure:4422: checking for memory.h
configure:4422: gcc -c -g -O2 -Wstrict-prototypes -Wall  conftest.c >&5
configure:4422: $? = 0
configure:4422: result: yes
configure:4422: checking for strings.h
configure:4422: gcc -c -g -O2 -Wstrict-prototypes -Wall  conftest.c >&5
configure:4422: $? = 0
configure:4422: result: yes
configure:4422: checking for inttypes.h
configure:4422: gcc -c -g -O2 -Wstrict-prototypes -Wall  conftest.c >&5
configure:4422: $? = 0
configure:4422: result: yes
configure:4422: checking for stdint.h
configure:4422: gcc -c -g -O2 -Wstrict-prototypes -Wall  conftest.c >&5
configure:4422: $? = 0
configure:4422: result: yes
configure:4422: checking for unistd.h
configure:4422: gcc -c -g -O2 -Wstrict-prototypes -Wall  conftest.c >&5
configure:4422: $? = 0
configure:4422: result: yes
configure:4437: checking limits.h usability
configure:4437: gcc -c -g -O2 -Wstrict-prototypes -Wall  conftest.c >&5
configure:4437: $? = 0
configure:4437: result: yes
configure:4437: checking limits.h presence
configure:4437: gcc -E  conftest.c
configure:4437: $? = 0
configure:4437: result: yes
configure:4437: checking for limits.h
configure:4437: result: yes
configure:4437: checking stat.h usability
configure:4437: gcc -c -g -O2 -Wstrict-prototypes -Wall  conftest.c >&5
conftest.c:55:10: fatal error: stat.h: No such file or directory
 #include <stat.h>
          ^~~~~~~~
compilation terminated.
configure:4437: $? = 1
configure: failed program was:
| /* confdefs.h */
| #define PACKAGE_NAME "ChkTeX"
| #define PACKAGE_TARNAME "chktex"
| #define PACKAGE_VERSION "1.7.6"
| #define PACKAGE_STRING "ChkTeX 1.7.6"
| #define PACKAGE_BUGREPORT ""
| #define PACKAGE_URL ""
| #define HAVE_LIBTERMCAP 1
| #define STDC_HEADERS 1
| #define HAVE_DIRENT_H 1
| #define HAVE_SYS_TYPES_H 1
| #define HAVE_SYS_STAT_H 1
| #define HAVE_STDLIB_H 1
| #define HAVE_STRING_H 1
| #define HAVE_MEMORY_H 1
| #define HAVE_STRINGS_H 1
| #define HAVE_INTTYPES_H 1
| #define HAVE_STDINT_H 1
| #define HAVE_UNISTD_H 1
| #define HAVE_LIMITS_H 1
| /* end confdefs.h.  */
| #include <stdio.h>
| #ifdef HAVE_SYS_TYPES_H
| # include <sys/types.h>
| #endif
| #ifdef HAVE_SYS_STAT_H
| # include <sys/stat.h>
| #endif
| #ifdef STDC_HEADERS
| # include <stdlib.h>
| # include <stddef.h>
| #else
| # ifdef HAVE_STDLIB_H
| #  include <stdlib.h>
| # endif
| #endif
| #ifdef HAVE_STRING_H
| # if !defined STDC_HEADERS && defined HAVE_MEMORY_H
| #  include <memory.h>
| # endif
| # include <string.h>
| #endif
| #ifdef HAVE_STRINGS_H
| # include <strings.h>
| #endif
| #ifdef HAVE_INTTYPES_H
| # include <inttypes.h>
| #endif
| #ifdef HAVE_STDINT_H
| # include <stdint.h>
| #endif
| #ifdef HAVE_UNISTD_H
| # include <unistd.h>
| #endif
| #include <stat.h>
configure:4437: result: no
configure:4437: checking stat.h presence
configure:4437: gcc -E  conftest.c
conftest.c:22:10: fatal error: stat.h: No such file or directory
 #include <stat.h>
          ^~~~~~~~
compilation terminated.
configure:4437: $? = 1
configure: failed program was:
| /* confdefs.h */
| #define PACKAGE_NAME "ChkTeX"
| #define PACKAGE_TARNAME "chktex"
| #define PACKAGE_VERSION "1.7.6"
| #define PACKAGE_STRING "ChkTeX 1.7.6"
| #define PACKAGE_BUGREPORT ""
| #define PACKAGE_URL ""
| #define HAVE_LIBTERMCAP 1
| #define STDC_HEADERS 1
| #define HAVE_DIRENT_H 1
| #define HAVE_SYS_TYPES_H 1
| #define HAVE_SYS_STAT_H 1
| #define HAVE_STDLIB_H 1
| #define HAVE_STRING_H 1
| #define HAVE_MEMORY_H 1
| #define HAVE_STRINGS_H 1
| #define HAVE_INTTYPES_H 1
| #define HAVE_STDINT_H 1
| #define HAVE_UNISTD_H 1
| #define HAVE_LIMITS_H 1
| /* end confdefs.h.  */
| #include <stat.h>
configure:4437: result: no
configure:4437: checking for stat.h
configure:4437: result: no
configure:4437: checking for strings.h
configure:4437: result: yes
configure:4437: checking stdarg.h usability
configure:4437: gcc -c -g -O2 -Wstrict-prototypes -Wall  conftest.c >&5
configure:4437: $? = 0
configure:4437: result: yes
configure:4437: checking stdarg.h presence
configure:4437: gcc -E  conftest.c
configure:4437: $? = 0
configure:4437: result: yes
configure:4437: checking for stdarg.h
configure:4437: result: yes
configure:4437: checking for sys/stat.h
configure:4437: result: yes
configure:4437: checking termcap.h usability
configure:4437: gcc -c -g -O2 -Wstrict-prototypes -Wall  conftest.c >&5
configure:4437: $? = 0
configure:4437: result: yes
configure:4437: checking termcap.h presence
configure:4437: gcc -E  conftest.c
configure:4437: $? = 0
configure:4437: result: yes
configure:4437: checking for termcap.h
configure:4437: result: yes
configure:4437: checking termlib.h usability
configure:4437: gcc -c -g -O2 -Wstrict-prototypes -Wall  conftest.c >&5
conftest.c:59:10: fatal error: termlib.h: No such file or directory
 #include <termlib.h>
          ^~~~~~~~~~~
compilation terminated.
configure:4437: $? = 1
configure: failed program was:
| /* confdefs.h */
| #define PACKAGE_NAME "ChkTeX"
| #define PACKAGE_TARNAME "chktex"
| #define PACKAGE_VERSION "1.7.6"
| #define PACKAGE_STRING "ChkTeX 1.7.6"
| #define PACKAGE_BUGREPORT ""
| #define PACKAGE_URL ""
| #define HAVE_LIBTERMCAP 1
| #define STDC_HEADERS 1
| #define HAVE_DIRENT_H 1
| #define HAVE_SYS_TYPES_H 1
| #define HAVE_SYS_STAT_H 1
| #define HAVE_STDLIB_H 1
| #define HAVE_STRING_H 1
| #define HAVE_MEMORY_H 1
| #define HAVE_STRINGS_H 1
| #define HAVE_INTTYPES_H 1
| #define HAVE_STDINT_H 1
| #define HAVE_UNISTD_H 1
| #define HAVE_LIMITS_H 1
| #define HAVE_STRINGS_H 1
| #define HAVE_STDARG_H 1
| #define HAVE_SYS_STAT_H 1
| #define HAVE_TERMCAP_H 1
| /* end confdefs.h.  */
| #include <stdio.h>
| #ifdef HAVE_SYS_TYPES_H
| # include <sys/types.h>
| #endif
| #ifdef HAVE_SYS_STAT_H
| # include <sys/stat.h>
| #endif
| #ifdef STDC_HEADERS
| # include <stdlib.h>
| # include <stddef.h>
| #else
| # ifdef HAVE_STDLIB_H
| #  include <stdlib.h>
| # endif
| #endif
| #ifdef HAVE_STRING_H
| # if !defined STDC_HEADERS && defined HAVE_MEMORY_H
| #  include <memory.h>
| # endif
| # include <string.h>
| #endif
| #ifdef HAVE_STRINGS_H
| # include <strings.h>
| #endif
| #ifdef HAVE_INTTYPES_H
| # include <inttypes.h>
| #endif
| #ifdef HAVE_STDINT_H
| # include <stdint.h>
| #endif
| #ifdef HAVE_UNISTD_H
| # include <unistd.h>
| #endif
| #include <termlib.h>
configure:4437: result: no
configure:4437: checking termlib.h presence
configure:4437: gcc -E  conftest.c
conftest.c:26:10: fatal error: termlib.h: No such file or directory
 #include <termlib.h>
          ^~~~~~~~~~~
compilation terminated.
configure:4437: $? = 1
configure: failed program was:
| /* confdefs.h */
| #define PACKAGE_NAME "ChkTeX"
| #define PACKAGE_TARNAME "chktex"
| #define PACKAGE_VERSION "1.7.6"
| #define PACKAGE_STRING "ChkTeX 1.7.6"
| #define PACKAGE_BUGREPORT ""
| #define PACKAGE_URL ""
| #define HAVE_LIBTERMCAP 1
| #define STDC_HEADERS 1
| #define HAVE_DIRENT_H 1
| #define HAVE_SYS_TYPES_H 1
| #define HAVE_SYS_STAT_H 1
| #define HAVE_STDLIB_H 1
| #define HAVE_STRING_H 1
| #define HAVE_MEMORY_H 1
| #define HAVE_STRINGS_H 1
| #define HAVE_INTTYPES_H 1
| #define HAVE_STDINT_H 1
| #define HAVE_UNISTD_H 1
| #define HAVE_LIMITS_H 1
| #define HAVE_STRINGS_H 1
| #define HAVE_STDARG_H 1
| #define HAVE_SYS_STAT_H 1
| #define HAVE_TERMCAP_H 1
| /* end confdefs.h.  */
| #include <termlib.h>
configure:4437: result: no
configure:4437: checking for termlib.h
configure:4437: result: no
configure:4437: checking for unistd.h
configure:4437: result: yes
configure:4448: checking for an ANSI C-conforming const
configure:4514: gcc -c -g -O2 -Wstrict-prototypes -Wall  conftest.c >&5
conftest.c:29:1: warning: function declaration isn't a prototype [-Wstrict-prototypes]
 main ()
 ^~~~
configure:4514: $? = 0
configure:4521: result: yes
configure:4529: checking for inline
configure:4545: gcc -c -g -O2 -Wstrict-prototypes -Wall  conftest.c >&5
conftest.c:29:21: warning: function declaration isn't a prototype [-Wstrict-prototypes]
 static inline foo_t static_foo () {return 0; }
                     ^~~~~~~~~~
conftest.c:30:14: warning: function declaration isn't a prototype [-Wstrict-prototypes]
 inline foo_t foo () {return 0; }
              ^~~
configure:4545: $? = 0
configure:4553: result: inline
configure:4571: checking for size_t
configure:4571: gcc -c -g -O2 -Wstrict-prototypes -Wall  conftest.c >&5
conftest.c:61:1: warning: function declaration isn't a prototype [-Wstrict-prototypes]
 main ()
 ^~~~
configure:4571: $? = 0
configure:4571: gcc -c -g -O2 -Wstrict-prototypes -Wall  conftest.c >&5
conftest.c:61:1: warning: function declaration isn't a prototype [-Wstrict-prototypes]
 main ()
 ^~~~
conftest.c: In function 'main':
conftest.c:63:21: error: expected expression before ')' token
 if (sizeof ((size_t)))
                     ^
configure:4571: $? = 1
configure: failed program was:
| /* confdefs.h */
| #define PACKAGE_NAME "ChkTeX"
| #define PACKAGE_TARNAME "chktex"
| #define PACKAGE_VERSION "1.7.6"
| #define PACKAGE_STRING "ChkTeX 1.7.6"
| #define PACKAGE_BUGREPORT ""
| #define PACKAGE_URL ""
| #define HAVE_LIBTERMCAP 1
| #define STDC_HEADERS 1
| #define HAVE_DIRENT_H 1
| #define HAVE_SYS_TYPES_H 1
| #define HAVE_SYS_STAT_H 1
| #define HAVE_STDLIB_H 1
| #define HAVE_STRING_H 1
| #define HAVE_MEMORY_H 1
| #define HAVE_STRINGS_H 1
| #define HAVE_INTTYPES_H 1
| #define HAVE_STDINT_H 1
| #define HAVE_UNISTD_H 1
| #define HAVE_LIMITS_H 1
| #define HAVE_STRINGS_H 1
| #define HAVE_STDARG_H 1
| #define HAVE_SYS_STAT_H 1
| #define HAVE_TERMCAP_H 1
| #define HAVE_UNISTD_H 1
| /* end confdefs.h.  */
| #include <stdio.h>
| #ifdef HAVE_SYS_TYPES_H
| # include <sys/types.h>
| #endif
| #ifdef HAVE_SYS_STAT_H
| # include <sys/stat.h>
| #endif
| #ifdef STDC_HEADERS
| # include <stdlib.h>
| # include <stddef.h>
| #else
| # ifdef HAVE_STDLIB_H
| #  include <stdlib.h>
| # endif
| #endif
| #ifdef HAVE_STRING_H
| # if !defined STDC_HEADERS && defined HAVE_MEMORY_H
| #  include <memory.h>
| # endif
| # include <string.h>
| #endif
| #ifdef HAVE_STRINGS_H
| # include <strings.h>
| #endif
| #ifdef HAVE_INTTYPES_H
| # include <inttypes.h>
| #endif
| #ifdef HAVE_STDINT_H
| # include <stdint.h>
| #endif
| #ifdef HAVE_UNISTD_H
| # include <unistd.h>
| #endif
| int
| main ()
| {
| if (sizeof ((size_t)))
| 	    return 0;
|   ;
|   return 0;
| }
configure:4571: result: yes
configure:4582: checking for uint64_t
configure:4582: gcc -c -g -O2 -Wstrict-prototypes -Wall  conftest.c >&5
conftest.c:61:1: warning: function declaration isn't a prototype [-Wstrict-prototypes]
 main ()
 ^~~~
configure:4582: $? = 0
configure:4582: result: yes
configure:4599: checking for vprintf
configure:4599: gcc -o conftest -g -O2 -Wstrict-prototypes -Wall   conftest.c -ltermcap  >&5
conftest.c:50:1: warning: function declaration isn't a prototype [-Wstrict-prototypes]
 char vprintf ();
 ^~~~
conftest.c:50:6: warning: conflicting types for built-in function 'vprintf' [-Wbuiltin-declaration-mismatch]
 char vprintf ();
      ^~~~~~~
conftest.c:59:1: warning: function declaration isn't a prototype [-Wstrict-prototypes]
 main ()
 ^~~~
configure:4599: $? = 0
configure:4599: result: yes
configure:4605: checking for _doprnt
configure:4605: gcc -o conftest -g -O2 -Wstrict-prototypes -Wall   conftest.c -ltermcap  >&5
conftest.c:51:1: warning: function declaration isn't a prototype [-Wstrict-prototypes]
 char _doprnt ();
 ^~~~
conftest.c:60:1: warning: function declaration isn't a prototype [-Wstrict-prototypes]
 main ()
 ^~~~
/tmp/ccts9JUZ.o: In function `main':
/home/oliver/Documents/dotfiles/chktex-1.7.6/conftest.c:62: undefined reference to `_doprnt'
collect2: error: ld returned 1 exit status
configure:4605: $? = 1
configure: failed program was:
| /* confdefs.h */
| #define PACKAGE_NAME "ChkTeX"
| #define PACKAGE_TARNAME "chktex"
| #define PACKAGE_VERSION "1.7.6"
| #define PACKAGE_STRING "ChkTeX 1.7.6"
| #define PACKAGE_BUGREPORT ""
| #define PACKAGE_URL ""
| #define HAVE_LIBTERMCAP 1
| #define STDC_HEADERS 1
| #define HAVE_DIRENT_H 1
| #define HAVE_SYS_TYPES_H 1
| #define HAVE_SYS_STAT_H 1
| #define HAVE_STDLIB_H 1
| #define HAVE_STRING_H 1
| #define HAVE_MEMORY_H 1
| #define HAVE_STRINGS_H 1
| #define HAVE_INTTYPES_H 1
| #define HAVE_STDINT_H 1
| #define HAVE_UNISTD_H 1
| #define HAVE_LIMITS_H 1
| #define HAVE_STRINGS_H 1
| #define HAVE_STDARG_H 1
| #define HAVE_SYS_STAT_H 1
| #define HAVE_TERMCAP_H 1
| #define HAVE_UNISTD_H 1
| #define HAVE_VPRINTF 1
| /* end confdefs.h.  */
| /* Define _doprnt to an innocuous variant, in case <limits.h> declares _doprnt.
|    For example, HP-UX 11i <limits.h> declares gettimeofday.  */
| #define _doprnt innocuous__doprnt
| 
| /* System header to define __stub macros and hopefully few prototypes,
|     which can conflict with char _doprnt (); below.
|     Prefer <limits.h> to <assert.h> if __STDC__ is defined, since
|     <limits.h> exists even on freestanding compilers.  */
| 
| #ifdef __STDC__
| # include <limits.h>
| #else
| # include <assert.h>
| #endif
| 
| #undef _doprnt
| 
| /* Override any GCC internal prototype to avoid an error.
|    Use char because int might match the return type of a GCC
|    builtin and then its argument prototype would still apply.  */
| #ifdef __cplusplus
| extern "C"
| #endif
| char _doprnt ();
| /* The GNU C library defines this for functions which it implements
|     to always fail with ENOSYS.  Some functions are actually named
|     something starting with __ and the normal name is an alias.  */
| #if defined __stub__doprnt || defined __stub____doprnt
| choke me
| #endif
| 
| int
| main ()
| {
| return _doprnt ();
|   ;
|   return 0;
| }
configure:4605: result: no
configure:4619: checking for access
configure:4619: gcc -o conftest -g -O2 -Wstrict-prototypes -Wall   conftest.c -ltermcap  >&5
conftest.c:51:1: warning: function declaration isn't a prototype [-Wstrict-prototypes]
 char access ();
 ^~~~
conftest.c:60:1: warning: function declaration isn't a prototype [-Wstrict-prototypes]
 main ()
 ^~~~
configure:4619: $? = 0
configure:4619: result: yes
configure:4619: checking for closedir
configure:4619: gcc -o conftest -g -O2 -Wstrict-prototypes -Wall   conftest.c -ltermcap  >&5
conftest.c:52:1: warning: function declaration isn't a prototype [-Wstrict-prototypes]
 char closedir ();
 ^~~~
conftest.c:61:1: warning: function declaration isn't a prototype [-Wstrict-prototypes]
 main ()
 ^~~~
configure:4619: $? = 0
configure:4619: result: yes
configure:4619: checking for fileno
configure:4619: gcc -o conftest -g -O2 -Wstrict-prototypes -Wall   conftest.c -ltermcap  >&5
conftest.c:53:1: warning: function declaration isn't a prototype [-Wstrict-prototypes]
 char fileno ();
 ^~~~
conftest.c:62:1: warning: function declaration isn't a prototype [-Wstrict-prototypes]
 main ()
 ^~~~
configure:4619: $? = 0
configure:4619: result: yes
configure:4619: checking for isatty
configure:4619: gcc -o conftest -g -O2 -Wstrict-prototypes -Wall   conftest.c -ltermcap  >&5
conftest.c:54:1: warning: function declaration isn't a prototype [-Wstrict-prototypes]
 char isatty ();
 ^~~~
conftest.c:63:1: warning: function declaration isn't a prototype [-Wstrict-prototypes]
 main ()
 ^~~~
configure:4619: $? = 0
configure:4619: result: yes
configure:4619: checking for opendir
configure:4619: gcc -o conftest -g -O2 -Wstrict-prototypes -Wall   conftest.c -ltermcap  >&5
conftest.c:55:1: warning: function declaration isn't a prototype [-Wstrict-prototypes]
 char opendir ();
 ^~~~
conftest.c:64:1: warning: function declaration isn't a prototype [-Wstrict-prototypes]
 main ()
 ^~~~
configure:4619: $? = 0
configure:4619: result: yes
configure:4619: checking for readdir
configure:4619: gcc -o conftest -g -O2 -Wstrict-prototypes -Wall   conftest.c -ltermcap  >&5
conftest.c:56:1: warning: function declaration isn't a prototype [-Wstrict-prototypes]
 char readdir ();
 ^~~~
conftest.c:65:1: warning: function declaration isn't a prototype [-Wstrict-prototypes]
 main ()
 ^~~~
configure:4619: $? = 0
configure:4619: result: yes
configure:4619: checking for stat
configure:4619: gcc -o conftest -g -O2 -Wstrict-prototypes -Wall   conftest.c -ltermcap  >&5
conftest.c:57:1: warning: function declaration isn't a prototype [-Wstrict-prototypes]
 char stat ();
 ^~~~
conftest.c:66:1: warning: function declaration isn't a prototype [-Wstrict-prototypes]
 main ()
 ^~~~
configure:4619: $? = 0
configure:4619: result: yes
configure:4619: checking for strcasecmp
configure:4619: gcc -o conftest -g -O2 -Wstrict-prototypes -Wall   conftest.c -ltermcap  >&5
conftest.c:58:1: warning: function declaration isn't a prototype [-Wstrict-prototypes]
 char strcasecmp ();
 ^~~~
conftest.c:58:6: warning: conflicting types for built-in function 'strcasecmp' [-Wbuiltin-declaration-mismatch]
 char strcasecmp ();
      ^~~~~~~~~~
conftest.c:67:1: warning: function declaration isn't a prototype [-Wstrict-prototypes]
 main ()
 ^~~~
configure:4619: $? = 0
configure:4619: result: yes
configure:4619: checking for strdup
configure:4619: gcc -o conftest -g -O2 -Wstrict-prototypes -Wall   conftest.c -ltermcap  >&5
conftest.c:59:1: warning: function declaration isn't a prototype [-Wstrict-prototypes]
 char strdup ();
 ^~~~
conftest.c:59:6: warning: conflicting types for built-in function 'strdup' [-Wbuiltin-declaration-mismatch]
 char strdup ();
      ^~~~~~
conftest.c:68:1: warning: function declaration isn't a prototype [-Wstrict-prototypes]
 main ()
 ^~~~
configure:4619: $? = 0
configure:4619: result: yes
configure:4619: checking for strlwr
configure:4619: gcc -o conftest -g -O2 -Wstrict-prototypes -Wall   conftest.c -ltermcap  >&5
conftest.c:60:1: warning: function declaration isn't a prototype [-Wstrict-prototypes]
 char strlwr ();
 ^~~~
conftest.c:69:1: warning: function declaration isn't a prototype [-Wstrict-prototypes]
 main ()
 ^~~~
/tmp/cciaRj2x.o: In function `main':
/home/oliver/Documents/dotfiles/chktex-1.7.6/conftest.c:71: undefined reference to `strlwr'
collect2: error: ld returned 1 exit status
configure:4619: $? = 1
configure: failed program was:
| /* confdefs.h */
| #define PACKAGE_NAME "ChkTeX"
| #define PACKAGE_TARNAME "chktex"
| #define PACKAGE_VERSION "1.7.6"
| #define PACKAGE_STRING "ChkTeX 1.7.6"
| #define PACKAGE_BUGREPORT ""
| #define PACKAGE_URL ""
| #define HAVE_LIBTERMCAP 1
| #define STDC_HEADERS 1
| #define HAVE_DIRENT_H 1
| #define HAVE_SYS_TYPES_H 1
| #define HAVE_SYS_STAT_H 1
| #define HAVE_STDLIB_H 1
| #define HAVE_STRING_H 1
| #define HAVE_MEMORY_H 1
| #define HAVE_STRINGS_H 1
| #define HAVE_INTTYPES_H 1
| #define HAVE_STDINT_H 1
| #define HAVE_UNISTD_H 1
| #define HAVE_LIMITS_H 1
| #define HAVE_STRINGS_H 1
| #define HAVE_STDARG_H 1
| #define HAVE_SYS_STAT_H 1
| #define HAVE_TERMCAP_H 1
| #define HAVE_UNISTD_H 1
| #define HAVE_VPRINTF 1
| #define HAVE_ACCESS 1
| #define HAVE_CLOSEDIR 1
| #define HAVE_FILENO 1
| #define HAVE_ISATTY 1
| #define HAVE_OPENDIR 1
| #define HAVE_READDIR 1
| #define HAVE_STAT 1
| #define HAVE_STRCASECMP 1
| #define HAVE_STRDUP 1
| /* end confdefs.h.  */
| /* Define strlwr to an innocuous variant, in case <limits.h> declares strlwr.
|    For example, HP-UX 11i <limits.h> declares gettimeofday.  */
| #define strlwr innocuous_strlwr
| 
| /* System header to define __stub macros and hopefully few prototypes,
|     which can conflict with char strlwr (); below.
|     Prefer <limits.h> to <assert.h> if __STDC__ is defined, since
|     <limits.h> exists even on freestanding compilers.  */
| 
| #ifdef __STDC__
| # include <limits.h>
| #else
| # include <assert.h>
| #endif
| 
| #undef strlwr
| 
| /* Override any GCC internal prototype to avoid an error.
|    Use char because int might match the return type of a GCC
|    builtin and then its argument prototype would still apply.  */
| #ifdef __cplusplus
| extern "C"
| #endif
| char strlwr ();
| /* The GNU C library defines this for functions which it implements
|     to always fail with ENOSYS.  Some functions are actually named
|     something starting with __ and the normal name is an alias.  */
| #if defined __stub_strlwr || defined __stub___strlwr
| choke me
| #endif
| 
| int
| main ()
| {
| return strlwr ();
|   ;
|   return 0;
| }
configure:4619: result: no
configure:4619: checking for strtol
configure:4619: gcc -o conftest -g -O2 -Wstrict-prototypes -Wall   conftest.c -ltermcap  >&5
conftest.c:60:1: warning: function declaration isn't a prototype [-Wstrict-prototypes]
 char strtol ();
 ^~~~
conftest.c:69:1: warning: function declaration isn't a prototype [-Wstrict-prototypes]
 main ()
 ^~~~
configure:4619: $? = 0
configure:4619: result: yes
configure:4629: checking whether stpcpy is declared
configure:4629: gcc -c -g -O2 -Wstrict-prototypes -Wall  conftest.c >&5
conftest.c:72:1: warning: function declaration isn't a prototype [-Wstrict-prototypes]
 main ()
 ^~~~
configure:4629: $? = 0
configure:4629: result: yes
configure:4641: checking whether PCRE regular expressions are enabled
configure:4643: result: yes
configure:4648: checking for pcre-config
configure:4676: result: no
configure:4693: WARNING: PCRE library not found.
configure:4703: checking for POSIX extended regular expressions
configure:4721: result: yes
configure:4865: creating ./config.status

## ---------------------- ##
## Running config.status. ##
## ---------------------- ##

This file was extended by ChkTeX config.status 1.7.6, which was
generated by GNU Autoconf 2.69.  Invocation command line was

  CONFIG_FILES    = 
  CONFIG_HEADERS  = 
  CONFIG_LINKS    = 
  CONFIG_COMMANDS = 
  $ ./config.status 

on oli-pc

config.status:840: creating stamp-h
config.status:840: creating Makefile
config.status:840: creating deweb
config.status:840: creating rmeheader
config.status:840: creating ChkTeX.tex
config.status:840: creating config.h
config.status:1021: config.h is unchanged

## ---------------- ##
## Cache variables. ##
## ---------------- ##

ac_cv_c_compiler_gnu=yes
ac_cv_c_const=yes
ac_cv_c_inline=inline
ac_cv_c_uint64_t=yes
ac_cv_cflags_strict_prototypes=-Wstrict-prototypes
ac_cv_env_CC_set=
ac_cv_env_CC_value=
ac_cv_env_CFLAGS_set=
ac_cv_env_CFLAGS_value=
ac_cv_env_CPPFLAGS_set=
ac_cv_env_CPPFLAGS_value=
ac_cv_env_CPP_set=
ac_cv_env_CPP_value=
ac_cv_env_LDFLAGS_set=
ac_cv_env_LDFLAGS_value=
ac_cv_env_LIBS_set=
ac_cv_env_LIBS_value=
ac_cv_env_build_alias_set=
ac_cv_env_build_alias_value=
ac_cv_env_host_alias_set=
ac_cv_env_host_alias_value=
ac_cv_env_target_alias_set=
ac_cv_env_target_alias_value=
ac_cv_func__doprnt=no
ac_cv_func_access=yes
ac_cv_func_closedir=yes
ac_cv_func_fileno=yes
ac_cv_func_isatty=yes
ac_cv_func_opendir=yes
ac_cv_func_readdir=yes
ac_cv_func_stat=yes
ac_cv_func_strcasecmp=yes
ac_cv_func_strdup=yes
ac_cv_func_strlwr=no
ac_cv_func_strtol=yes
ac_cv_func_vprintf=yes
ac_cv_have_decl_stpcpy=yes
ac_cv_header_dirent_dirent_h=yes
ac_cv_header_inttypes_h=yes
ac_cv_header_limits_h=yes
ac_cv_header_memory_h=yes
ac_cv_header_stat_h=no
ac_cv_header_stdarg_h=yes
ac_cv_header_stdc=yes
ac_cv_header_stdint_h=yes
ac_cv_header_stdlib_h=yes
ac_cv_header_string_h=yes
ac_cv_header_strings_h=yes
ac_cv_header_sys_stat_h=yes
ac_cv_header_sys_types_h=yes
ac_cv_header_termcap_h=yes
ac_cv_header_termlib_h=no
ac_cv_header_unistd_h=yes
ac_cv_lib_termcap_tgetent=yes
ac_cv_lib_termlib_tgetent=no
ac_cv_objext=o
ac_cv_path_DVIPS=/usr/bin/dvips
ac_cv_path_EGREP='/bin/grep -E'
ac_cv_path_GREP=/bin/grep
ac_cv_path_LATEX=/usr/bin/latex
ac_cv_path_PERL5=/usr/bin/perl
ac_cv_path_install='/usr/bin/install -c'
ac_cv_path_mkdir=/bin/mkdir
ac_cv_prog_CPP='gcc -E'
ac_cv_prog_GROFF='groff -man -P-bu -Tlatin1'
ac_cv_prog_WITH_PCRE=no
ac_cv_prog_ac_ct_CC=gcc
ac_cv_prog_cc_c89=
ac_cv_prog_cc_g=yes
ac_cv_search_opendir='none required'
ac_cv_type_size_t=yes
vl_cv_prog_cc_warnings=-Wall

## ----------------- ##
## Output variables. ##
## ----------------- ##

BUILT_SCRIPTS=' deweb'
CC='gcc'
CFLAGS='-g -O2 -Wstrict-prototypes -Wall'
CLEAN=''
CPP='gcc -E'
CPPFLAGS=''
DEFS='-DHAVE_CONFIG_H'
DVIPS='/usr/bin/dvips'
ECHO_C=''
ECHO_N='-n'
ECHO_T=''
EGREP='/bin/grep -E'
EXEEXT=''
GREP='/bin/grep'
GROFF='groff -man -P-bu -Tlatin1'
INSTALL_DATA='${INSTALL} -m 644'
INSTALL_PROGRAM='${INSTALL}'
INSTALL_SCRIPT='${INSTALL}'
LATEX2HTML=''
LATEX='/usr/bin/latex'
LDFLAGS=''
LIBOBJS=''
LIBS='-ltermcap '
LN_S='ln -s'
LTLIBOBJS=''
LYNX=''
MKDIR_P='/bin/mkdir -p'
OBJEXT='o'
PACKAGE_BUGREPORT=''
PACKAGE_NAME='ChkTeX'
PACKAGE_STRING='ChkTeX 1.7.6'
PACKAGE_TARNAME='chktex'
PACKAGE_URL=''
PACKAGE_VERSION='1.7.6'
PATH_SEPARATOR=':'
PERL5='/usr/bin/perl'
SCRIPTS=' chkweb'
SHELL='/bin/bash'
WITH_PCRE='no'
ac_ct_CC='gcc'
bindir='${exec_prefix}/bin'
build_alias=''
datadir='${datarootdir}'
datarootdir='${prefix}/share'
docdir='${datarootdir}/doc/${PACKAGE_TARNAME}'
dvidir='${docdir}'
exec_prefix='${prefix}'
host_alias=''
htmldir='${docdir}'
includedir='${prefix}/include'
infodir='${datarootdir}/info'
libdir='${exec_prefix}/lib'
libexecdir='${exec_prefix}/libexec'
localedir='${datarootdir}/locale'
localstatedir='${prefix}/var'
mandir='${datarootdir}/man'
oldincludedir='/usr/include'
pdfdir='${docdir}'
prefix='/usr/local'
program_transform_name='s,x,x,'
psdir='${docdir}'
sbindir='${exec_prefix}/sbin'
sharedstatedir='${prefix}/com'
sysconfdir='${prefix}/etc'
target_alias=''

## ----------- ##
## confdefs.h. ##
## ----------- ##

/* confdefs.h */
#define PACKAGE_NAME "ChkTeX"
#define PACKAGE_TARNAME "chktex"
#define PACKAGE_VERSION "1.7.6"
#define PACKAGE_STRING "ChkTeX 1.7.6"
#define PACKAGE_BUGREPORT ""
#define PACKAGE_URL ""
#define HAVE_LIBTERMCAP 1
#define STDC_HEADERS 1
#define HAVE_DIRENT_H 1
#define HAVE_SYS_TYPES_H 1
#define HAVE_SYS_STAT_H 1
#define HAVE_STDLIB_H 1
#define HAVE_STRING_H 1
#define HAVE_MEMORY_H 1
#define HAVE_STRINGS_H 1
#define HAVE_INTTYPES_H 1
#define HAVE_STDINT_H 1
#define HAVE_UNISTD_H 1
#define HAVE_LIMITS_H 1
#define HAVE_STRINGS_H 1
#define HAVE_STDARG_H 1
#define HAVE_SYS_STAT_H 1
#define HAVE_TERMCAP_H 1
#define HAVE_UNISTD_H 1
#define HAVE_VPRINTF 1
#define HAVE_ACCESS 1
#define HAVE_CLOSEDIR 1
#define HAVE_FILENO 1
#define HAVE_ISATTY 1
#define HAVE_OPENDIR 1
#define HAVE_READDIR 1
#define HAVE_STAT 1
#define HAVE_STRCASECMP 1
#define HAVE_STRDUP 1
#define HAVE_STRTOL 1
#define HAVE_DECL_STPCPY 1
#define HAVE_PCRE 0
#define HAVE_POSIX_ERE 1

configure: exit 0
